
> roti-sholawat@0.0.1 validate:svelte /home/dev/project/roti-sholawat
> svelte-check

Loading svelte-check in workspace: /home/dev/project/roti-sholawat
Getting Svelte diagnostics...

/home/dev/project/roti-sholawat/src/components/admin/AdminDataTable.svelte:22:13
Error: Expected whitespace
https://svelte.dev/e/expected_whitespace (svelte)
  <table class={tableClass}>
    {@render}
  </table>

/home/dev/project/roti-sholawat/src/components/admin/AdminDataTable.svelte:22:13
Error: Expected whitespace
https://svelte.dev/e/expected_whitespace (ts)
  <table class={tableClass}>
    {@render}
  </table>

/home/dev/project/roti-sholawat/src/components/admin/AdminFilterForm.svelte:13:13
Error: Expected whitespace
https://svelte.dev/e/expected_whitespace (svelte)
  <form action={action} method={method}>
    {@render}
  </form>

/home/dev/project/roti-sholawat/src/components/admin/AdminFilterForm.svelte:13:13
Error: Expected whitespace
https://svelte.dev/e/expected_whitespace (ts)
  <form action={action} method={method}>
    {@render}
  </form>

/home/dev/project/roti-sholawat/src/components/admin/AdminToolbar.svelte:13:11
Error: Expected whitespace
https://svelte.dev/e/expected_whitespace (svelte)
  <strong>{title}</strong>
  {@render}
</div>

/home/dev/project/roti-sholawat/src/components/admin/AdminToolbar.svelte:13:11
Error: Expected whitespace
https://svelte.dev/e/expected_whitespace (ts)
  <strong>{title}</strong>
  {@render}
</div>

/home/dev/project/roti-sholawat/src/components/admin/StatusBadge.svelte:11:5
Warn: This reference only captures the initial value of `tone`. Did you mean to reference it inside a closure instead?
https://svelte.dev/e/state_referenced_locally (svelte)
  const toneClass =
    tone === "success" ? "success" : tone === "danger" ? "danger" : "";
</script>

/home/dev/project/roti-sholawat/src/components/admin/StatusBadge.svelte:11:38
Warn: This reference only captures the initial value of `tone`. Did you mean to reference it inside a closure instead?
https://svelte.dev/e/state_referenced_locally (svelte)
  const toneClass =
    tone === "success" ? "success" : tone === "danger" ? "danger" : "";
</script>

/home/dev/project/roti-sholawat/src/components/admin/pages/AdminUsersManager.svelte:87:5
Warn: A form label must be associated with a control
https://svelte.dev/e/a11y_label_has_associated_control (svelte)
  <div>
    <label>Email</label>
    <input name="email" type="email" required />

/home/dev/project/roti-sholawat/src/components/admin/pages/AdminUsersManager.svelte:91:5
Warn: A form label must be associated with a control
https://svelte.dev/e/a11y_label_has_associated_control (svelte)
  <div>
    <label>Password</label>
    <input name="password" type="password" required minlength="8" />

/home/dev/project/roti-sholawat/src/components/admin/pages/AdminUsersManager.svelte:95:5
Warn: A form label must be associated with a control
https://svelte.dev/e/a11y_label_has_associated_control (svelte)
  <div>
    <label>Role</label>
    <select name="role">

/home/dev/project/roti-sholawat/src/components/admin/pages/AdminUsersManager.svelte:108:1
Warn: Visible, non-interactive elements with a click event must be accompanied by a keyboard event handler. Consider whether an interactive element such as `<button type="button">` or `<a>` might be more appropriate
https://svelte.dev/e/a11y_click_events_have_key_events (svelte)
</div>
<div onclick={handleTableClick}>
  <AdminDataTable>
    <thead>
      <tr>
        <th>Email</th>
        <th>Role</th>
        <th>Password Baru</th>
        <th>Aksi</th>
      </tr>
    </thead>
    <tbody>
      {#each rows as row (row.id)}
        <tr data-id={row.id}>
          <td>{row.email}</td>
          <td contenteditable="true" data-field="role">{row.role || "owner"}</td>
          <td>
            <input data-field="password" type="password" placeholder="Kosong = tidak diubah" />
          </td>
          <td>
            <RowActions />
          </td>
        </tr>
      {/each}
    </tbody>
  </AdminDataTable>
</div>

/home/dev/project/roti-sholawat/src/components/admin/pages/AdminUsersManager.svelte:108:1
Warn: `<div>` with a click handler must have an ARIA role
https://svelte.dev/e/a11y_no_static_element_interactions (svelte)
</div>
<div onclick={handleTableClick}>
  <AdminDataTable>
    <thead>
      <tr>
        <th>Email</th>
        <th>Role</th>
        <th>Password Baru</th>
        <th>Aksi</th>
      </tr>
    </thead>
    <tbody>
      {#each rows as row (row.id)}
        <tr data-id={row.id}>
          <td>{row.email}</td>
          <td contenteditable="true" data-field="role">{row.role || "owner"}</td>
          <td>
            <input data-field="password" type="password" placeholder="Kosong = tidak diubah" />
          </td>
          <td>
            <RowActions />
          </td>
        </tr>
      {/each}
    </tbody>
  </AdminDataTable>
</div>

/home/dev/project/roti-sholawat/src/components/admin/pages/AdminUsersManager.svelte:2:10
Error: Module '"/home/dev/project/roti-sholawat/src/components/admin/AdminDataTable.svelte"' has no default export. (ts)
<script lang="ts">
  import AdminDataTable from "../AdminDataTable.svelte";
  import CrudInlineForm from "../CrudInlineForm.svelte";

/home/dev/project/roti-sholawat/src/components/admin/pages/AdminUsersManager.svelte:85:35
Error: Argument of type '"submit"' is not assignable to parameter of type 'never'. (ts)
<SectionHeader title="Tambah Admin" badge="Role" />
<CrudInlineForm id="user-form" on:submit={handleCreate}>
  <div>

/home/dev/project/roti-sholawat/src/components/admin/pages/AdsManager.svelte:88:5
Warn: A form label must be associated with a control
https://svelte.dev/e/a11y_label_has_associated_control (svelte)
  <div>
    <label>Nama Campaign</label>
    <input name="name" required />

/home/dev/project/roti-sholawat/src/components/admin/pages/AdsManager.svelte:92:5
Warn: A form label must be associated with a control
https://svelte.dev/e/a11y_label_has_associated_control (svelte)
  <div>
    <label>Channel</label>
    <input name="channel" placeholder="IG / FB / WA / Google" required />

/home/dev/project/roti-sholawat/src/components/admin/pages/AdsManager.svelte:96:5
Warn: A form label must be associated with a control
https://svelte.dev/e/a11y_label_has_associated_control (svelte)
  <div>
    <label>Budget (Rp)</label>
    <input name="budget" type="number" required />

/home/dev/project/roti-sholawat/src/components/admin/pages/AdsManager.svelte:100:5
Warn: A form label must be associated with a control
https://svelte.dev/e/a11y_label_has_associated_control (svelte)
  <div>
    <label>Status</label>
    <select name="status">

/home/dev/project/roti-sholawat/src/components/admin/pages/AdsManager.svelte:109:5
Warn: A form label must be associated with a control
https://svelte.dev/e/a11y_label_has_associated_control (svelte)
  <div>
    <label>Tanggal Mulai</label>
    <input name="start_at" type="date" />

/home/dev/project/roti-sholawat/src/components/admin/pages/AdsManager.svelte:113:5
Warn: A form label must be associated with a control
https://svelte.dev/e/a11y_label_has_associated_control (svelte)
  <div>
    <label>Tanggal Selesai</label>
    <input name="end_at" type="date" />

/home/dev/project/roti-sholawat/src/components/admin/pages/AdsManager.svelte:117:5
Warn: A form label must be associated with a control
https://svelte.dev/e/a11y_label_has_associated_control (svelte)
  <div>
    <label>Catatan</label>
    <input name="notes" />

/home/dev/project/roti-sholawat/src/components/admin/pages/AdsManager.svelte:126:1
Warn: Visible, non-interactive elements with a click event must be accompanied by a keyboard event handler. Consider whether an interactive element such as `<button type="button">` or `<a>` might be more appropriate
https://svelte.dev/e/a11y_click_events_have_key_events (svelte)
</div>
<div onclick={handleRowClick}>
  <AdminDataTable>
    <thead>
      <tr>
        <th>Nama</th>
        <th>Channel</th>
        <th>Budget</th>
        <th>Spend</th>
        <th>Status</th>
        <th>Aksi</th>
      </tr>
    </thead>
    <tbody>
      {#each rows as row (row.id)}
        <tr data-id={row.id}>
          <td contenteditable="true" data-field="name">{row.name}</td>
          <td contenteditable="true" data-field="channel">{row.channel}</td>
          <td contenteditable="true" data-field="budget">{row.budget}</td>
          <td contenteditable="true" data-field="spend">{row.spend}</td>
          <td contenteditable="true" data-field="status">{row.status}</td>
          <td>
            <RowActions />
          </td>
        </tr>
      {/each}
    </tbody>
  </AdminDataTable>
</div>

/home/dev/project/roti-sholawat/src/components/admin/pages/AdsManager.svelte:126:1
Warn: `<div>` with a click handler must have an ARIA role
https://svelte.dev/e/a11y_no_static_element_interactions (svelte)
</div>
<div onclick={handleRowClick}>
  <AdminDataTable>
    <thead>
      <tr>
        <th>Nama</th>
        <th>Channel</th>
        <th>Budget</th>
        <th>Spend</th>
        <th>Status</th>
        <th>Aksi</th>
      </tr>
    </thead>
    <tbody>
      {#each rows as row (row.id)}
        <tr data-id={row.id}>
          <td contenteditable="true" data-field="name">{row.name}</td>
          <td contenteditable="true" data-field="channel">{row.channel}</td>
          <td contenteditable="true" data-field="budget">{row.budget}</td>
          <td contenteditable="true" data-field="spend">{row.spend}</td>
          <td contenteditable="true" data-field="status">{row.status}</td>
          <td>
            <RowActions />
          </td>
        </tr>
      {/each}
    </tbody>
  </AdminDataTable>
</div>

/home/dev/project/roti-sholawat/src/components/admin/pages/AdsManager.svelte:2:10
Error: Module '"/home/dev/project/roti-sholawat/src/components/admin/AdminDataTable.svelte"' has no default export. (ts)
<script lang="ts">
  import AdminDataTable from "../AdminDataTable.svelte";
  import CrudInlineForm from "../CrudInlineForm.svelte";

/home/dev/project/roti-sholawat/src/components/admin/pages/AdsManager.svelte:86:34
Error: Argument of type '"submit"' is not assignable to parameter of type 'never'. (ts)
<SectionHeader title="Buat Campaign" badge="Ads" />
<CrudInlineForm id="ads-form" on:submit={handleCreate}>
  <div>

/home/dev/project/roti-sholawat/src/components/admin/pages/CategoriesManager.svelte:83:5
Warn: A form label must be associated with a control
https://svelte.dev/e/a11y_label_has_associated_control (svelte)
  <div>
    <label>Nama Kategori</label>
    <input name="name" required />

/home/dev/project/roti-sholawat/src/components/admin/pages/CategoriesManager.svelte:87:5
Warn: A form label must be associated with a control
https://svelte.dev/e/a11y_label_has_associated_control (svelte)
  <div>
    <label>Slug</label>
    <input name="slug" placeholder="opsional" />

/home/dev/project/roti-sholawat/src/components/admin/pages/CategoriesManager.svelte:91:5
Warn: A form label must be associated with a control
https://svelte.dev/e/a11y_label_has_associated_control (svelte)
  <div>
    <label>Urutan</label>
    <input name="sort_order" type="number" value="0" />

/home/dev/project/roti-sholawat/src/components/admin/pages/CategoriesManager.svelte:95:5
Warn: A form label must be associated with a control
https://svelte.dev/e/a11y_label_has_associated_control (svelte)
  <div>
    <label>Aktif</label>
    <select name="is_active">

/home/dev/project/roti-sholawat/src/components/admin/pages/CategoriesManager.svelte:107:1
Warn: Visible, non-interactive elements with a click event must be accompanied by a keyboard event handler. Consider whether an interactive element such as `<button type="button">` or `<a>` might be more appropriate
https://svelte.dev/e/a11y_click_events_have_key_events (svelte)
</div>
<div onclick={handleTableClick}>
  <AdminDataTable>
    <thead>
      <tr>
        <th>Nama</th>
        <th>Slug</th>
        <th>Urutan</th>
        <th>Status</th>
        <th>Aksi</th>
      </tr>
    </thead>
    <tbody>
      {#each rows as row (row.id)}
        <tr data-id={row.id}>
          <td contenteditable="true" data-field="name">{row.name}</td>
          <td contenteditable="true" data-field="slug">{row.slug || ""}</td>
          <td contenteditable="true" data-field="sort_order">{row.sort_order}</td>
          <td>
            <select data-field="is_active">
              <option value="true" selected={row.is_active}>Aktif</option>
              <option value="false" selected={!row.is_active}>Nonaktif</option>
            </select>
          </td>
          <td>
            <RowActions />
          </td>
        </tr>
      {/each}
    </tbody>
  </AdminDataTable>
</div>

/home/dev/project/roti-sholawat/src/components/admin/pages/CategoriesManager.svelte:107:1
Warn: `<div>` with a click handler must have an ARIA role
https://svelte.dev/e/a11y_no_static_element_interactions (svelte)
</div>
<div onclick={handleTableClick}>
  <AdminDataTable>
    <thead>
      <tr>
        <th>Nama</th>
        <th>Slug</th>
        <th>Urutan</th>
        <th>Status</th>
        <th>Aksi</th>
      </tr>
    </thead>
    <tbody>
      {#each rows as row (row.id)}
        <tr data-id={row.id}>
          <td contenteditable="true" data-field="name">{row.name}</td>
          <td contenteditable="true" data-field="slug">{row.slug || ""}</td>
          <td contenteditable="true" data-field="sort_order">{row.sort_order}</td>
          <td>
            <select data-field="is_active">
              <option value="true" selected={row.is_active}>Aktif</option>
              <option value="false" selected={!row.is_active}>Nonaktif</option>
            </select>
          </td>
          <td>
            <RowActions />
          </td>
        </tr>
      {/each}
    </tbody>
  </AdminDataTable>
</div>

/home/dev/project/roti-sholawat/src/components/admin/pages/CategoriesManager.svelte:2:10
Error: Module '"/home/dev/project/roti-sholawat/src/components/admin/AdminDataTable.svelte"' has no default export. (ts)
<script lang="ts">
  import AdminDataTable from "../AdminDataTable.svelte";
  import CrudInlineForm from "../CrudInlineForm.svelte";

/home/dev/project/roti-sholawat/src/components/admin/pages/CategoriesManager.svelte:81:39
Error: Argument of type '"submit"' is not assignable to parameter of type 'never'. (ts)
<SectionHeader title="Tambah Kategori" badge="Kelola menu" />
<CrudInlineForm id="category-form" on:submit={handleCreate}>
  <div>

/home/dev/project/roti-sholawat/src/components/admin/pages/CmsManager.svelte:106:5
Warn: A form label must be associated with a control
https://svelte.dev/e/a11y_label_has_associated_control (svelte)
  <div>
    <label>Judul</label>
    <input name="title" bind:value={title} required />

/home/dev/project/roti-sholawat/src/components/admin/pages/CmsManager.svelte:110:5
Warn: A form label must be associated with a control
https://svelte.dev/e/a11y_label_has_associated_control (svelte)
  <div>
    <label>Slug</label>
    <input

/home/dev/project/roti-sholawat/src/components/admin/pages/CmsManager.svelte:119:5
Warn: A form label must be associated with a control
https://svelte.dev/e/a11y_label_has_associated_control (svelte)
  <div>
    <label>Konten (Markdown)</label>
    <textarea name="content_md" rows="6" bind:value={contentMd} required></textarea>

/home/dev/project/roti-sholawat/src/components/admin/pages/CmsManager.svelte:123:5
Warn: A form label must be associated with a control
https://svelte.dev/e/a11y_label_has_associated_control (svelte)
  <div>
    <label>Status</label>
    <select name="is_active" bind:value={isActive}>

/home/dev/project/roti-sholawat/src/components/admin/pages/CmsManager.svelte:15:10
Error: Module '"/home/dev/project/roti-sholawat/src/components/admin/AdminDataTable.svelte"' has no default export. (ts)
  import CrudInlineForm from "../CrudInlineForm.svelte";
  import AdminDataTable from "../AdminDataTable.svelte";
  import RowActions from "../RowActions.svelte";

/home/dev/project/roti-sholawat/src/components/admin/pages/CmsManager.svelte:103:34
Error: Argument of type '"submit"' is not assignable to parameter of type 'never'. (ts)
<SectionHeader title="Buat Halaman" badge="Brand Awareness" />
<CrudInlineForm id="cms-form" on:submit={handleSubmit}>
  <input type="hidden" name="page_id" value={pageId} />

/home/dev/project/roti-sholawat/src/components/admin/pages/CouponsManager.svelte:103:5
Warn: A form label must be associated with a control
https://svelte.dev/e/a11y_label_has_associated_control (svelte)
  <div>
    <label>Kode</label>
    <input name="code" required />

/home/dev/project/roti-sholawat/src/components/admin/pages/CouponsManager.svelte:107:5
Warn: A form label must be associated with a control
https://svelte.dev/e/a11y_label_has_associated_control (svelte)
  <div>
    <label>Tipe</label>
    <select name="type">

/home/dev/project/roti-sholawat/src/components/admin/pages/CouponsManager.svelte:115:5
Warn: A form label must be associated with a control
https://svelte.dev/e/a11y_label_has_associated_control (svelte)
  <div>
    <label>Nilai</label>
    <input name="value" type="number" required />

/home/dev/project/roti-sholawat/src/components/admin/pages/CouponsManager.svelte:119:5
Warn: A form label must be associated with a control
https://svelte.dev/e/a11y_label_has_associated_control (svelte)
  <div>
    <label>Min Order</label>
    <input name="min_order" type="number" />

/home/dev/project/roti-sholawat/src/components/admin/pages/CouponsManager.svelte:123:5
Warn: A form label must be associated with a control
https://svelte.dev/e/a11y_label_has_associated_control (svelte)
  <div>
    <label>Max Diskon</label>
    <input name="max_discount" type="number" />

/home/dev/project/roti-sholawat/src/components/admin/pages/CouponsManager.svelte:127:5
Warn: A form label must be associated with a control
https://svelte.dev/e/a11y_label_has_associated_control (svelte)
  <div>
    <label>Mulai</label>
    <input name="start_at" type="date" />

/home/dev/project/roti-sholawat/src/components/admin/pages/CouponsManager.svelte:131:5
Warn: A form label must be associated with a control
https://svelte.dev/e/a11y_label_has_associated_control (svelte)
  <div>
    <label>Berakhir</label>
    <input name="end_at" type="date" />

/home/dev/project/roti-sholawat/src/components/admin/pages/CouponsManager.svelte:135:5
Warn: A form label must be associated with a control
https://svelte.dev/e/a11y_label_has_associated_control (svelte)
  <div>
    <label>Usage Limit</label>
    <input name="usage_limit" type="number" />

/home/dev/project/roti-sholawat/src/components/admin/pages/CouponsManager.svelte:139:5
Warn: A form label must be associated with a control
https://svelte.dev/e/a11y_label_has_associated_control (svelte)
  <div>
    <label>Limit per User</label>
    <input name="per_user_limit" type="number" />

/home/dev/project/roti-sholawat/src/components/admin/pages/CouponsManager.svelte:143:5
Warn: A form label must be associated with a control
https://svelte.dev/e/a11y_label_has_associated_control (svelte)
  <div>
    <label>Aktif</label>
    <select name="is_active">

/home/dev/project/roti-sholawat/src/components/admin/pages/CouponsManager.svelte:155:1
Warn: Visible, non-interactive elements with a click event must be accompanied by a keyboard event handler. Consider whether an interactive element such as `<button type="button">` or `<a>` might be more appropriate
https://svelte.dev/e/a11y_click_events_have_key_events (svelte)
</div>
<div onclick={handleRowAction}>
  <AdminDataTable>
    <thead>
      <tr>
        <th>Kode</th>
        <th>Tipe</th>
        <th>Nilai</th>
        <th>Min Order</th>
        <th>Max Diskon</th>
        <th>Mulai</th>
        <th>Berakhir</th>
        <th>Limit</th>
        <th>Per User</th>
        <th>Status</th>
        <th>Aksi</th>
      </tr>
    </thead>
    <tbody>
      {#each rows as row (row.id)}
        <tr data-id={row.id}>
          <td contenteditable="true" data-field="code">{row.code}</td>
          <td contenteditable="true" data-field="type">{row.type}</td>
          <td contenteditable="true" data-field="value">{row.value}</td>
          <td contenteditable="true" data-field="min_order">{row.min_order ?? ""}</td>
          <td contenteditable="true" data-field="max_discount">{row.max_discount ?? ""}</td>
          <td contenteditable="true" data-field="start_at">{row.start_at ?? ""}</td>
          <td contenteditable="true" data-field="end_at">{row.end_at ?? ""}</td>
          <td contenteditable="true" data-field="usage_limit">{row.usage_limit ?? ""}</td>
          <td contenteditable="true" data-field="per_user_limit">{row.per_user_limit ?? ""}</td>
          <td>
            <select data-field="is_active">
              <option value="true" selected={row.is_active}>Aktif</option>
              <option value="false" selected={!row.is_active}>Nonaktif</option>
            </select>
          </td>
          <td>
            <RowActions />
          </td>
        </tr>
      {/each}
    </tbody>
  </AdminDataTable>
</div>

/home/dev/project/roti-sholawat/src/components/admin/pages/CouponsManager.svelte:155:1
Warn: `<div>` with a click handler must have an ARIA role
https://svelte.dev/e/a11y_no_static_element_interactions (svelte)
</div>
<div onclick={handleRowAction}>
  <AdminDataTable>
    <thead>
      <tr>
        <th>Kode</th>
        <th>Tipe</th>
        <th>Nilai</th>
        <th>Min Order</th>
        <th>Max Diskon</th>
        <th>Mulai</th>
        <th>Berakhir</th>
        <th>Limit</th>
        <th>Per User</th>
        <th>Status</th>
        <th>Aksi</th>
      </tr>
    </thead>
    <tbody>
      {#each rows as row (row.id)}
        <tr data-id={row.id}>
          <td contenteditable="true" data-field="code">{row.code}</td>
          <td contenteditable="true" data-field="type">{row.type}</td>
          <td contenteditable="true" data-field="value">{row.value}</td>
          <td contenteditable="true" data-field="min_order">{row.min_order ?? ""}</td>
          <td contenteditable="true" data-field="max_discount">{row.max_discount ?? ""}</td>
          <td contenteditable="true" data-field="start_at">{row.start_at ?? ""}</td>
          <td contenteditable="true" data-field="end_at">{row.end_at ?? ""}</td>
          <td contenteditable="true" data-field="usage_limit">{row.usage_limit ?? ""}</td>
          <td contenteditable="true" data-field="per_user_limit">{row.per_user_limit ?? ""}</td>
          <td>
            <select data-field="is_active">
              <option value="true" selected={row.is_active}>Aktif</option>
              <option value="false" selected={!row.is_active}>Nonaktif</option>
            </select>
          </td>
          <td>
            <RowActions />
          </td>
        </tr>
      {/each}
    </tbody>
  </AdminDataTable>
</div>

/home/dev/project/roti-sholawat/src/components/admin/pages/CouponsManager.svelte:2:10
Error: Module '"/home/dev/project/roti-sholawat/src/components/admin/AdminDataTable.svelte"' has no default export. (ts)
<script lang="ts">
  import AdminDataTable from "../AdminDataTable.svelte";
  import CrudInlineForm from "../CrudInlineForm.svelte";

/home/dev/project/roti-sholawat/src/components/admin/pages/CouponsManager.svelte:101:37
Error: Argument of type '"submit"' is not assignable to parameter of type 'never'. (ts)
<SectionHeader title="Tambah Kupon" muted="Promo & diskon" />
<CrudInlineForm id="coupon-form" on:submit={handleCreate}>
  <div>

/home/dev/project/roti-sholawat/src/components/admin/pages/CustomersManager.svelte:89:5
Warn: A form label must be associated with a control
https://svelte.dev/e/a11y_label_has_associated_control (svelte)
  <div>
    <label>Nama</label>
    <input name="name" required />

/home/dev/project/roti-sholawat/src/components/admin/pages/CustomersManager.svelte:93:5
Warn: A form label must be associated with a control
https://svelte.dev/e/a11y_label_has_associated_control (svelte)
  <div>
    <label>Telepon</label>
    <input name="phone" required />

/home/dev/project/roti-sholawat/src/components/admin/pages/CustomersManager.svelte:97:5
Warn: A form label must be associated with a control
https://svelte.dev/e/a11y_label_has_associated_control (svelte)
  <div>
    <label>Email</label>
    <input name="email" type="email" />

/home/dev/project/roti-sholawat/src/components/admin/pages/CustomersManager.svelte:101:5
Warn: A form label must be associated with a control
https://svelte.dev/e/a11y_label_has_associated_control (svelte)
  <div>
    <label>Catatan</label>
    <textarea name="notes" rows="2"></textarea>

/home/dev/project/roti-sholawat/src/components/admin/pages/CustomersManager.svelte:110:1
Warn: Visible, non-interactive elements with a click event must be accompanied by a keyboard event handler. Consider whether an interactive element such as `<button type="button">` or `<a>` might be more appropriate
https://svelte.dev/e/a11y_click_events_have_key_events (svelte)
</div>
<div onclick={handleRowAction}>
  <AdminDataTable>
    <thead>
      <tr>
        <th>Nama</th>
        <th>Telepon</th>
        <th>Email</th>
        <th>Catatan</th>
        <th>Aksi</th>
      </tr>
    </thead>
    <tbody>
      {#each rows as row (row.id)}
        <tr data-id={row.id}>
          <td contenteditable="true" data-field="name">{row.name}</td>
          <td contenteditable="true" data-field="phone">{row.phone}</td>
          <td contenteditable="true" data-field="email">{row.email || ""}</td>
          <td contenteditable="true" data-field="notes">{row.notes || ""}</td>
          <td>
            <RowActions detailHref={`/admin/customers/${row.id}`} />
          </td>
        </tr>
      {/each}
    </tbody>
  </AdminDataTable>
</div>

/home/dev/project/roti-sholawat/src/components/admin/pages/CustomersManager.svelte:110:1
Warn: `<div>` with a click handler must have an ARIA role
https://svelte.dev/e/a11y_no_static_element_interactions (svelte)
</div>
<div onclick={handleRowAction}>
  <AdminDataTable>
    <thead>
      <tr>
        <th>Nama</th>
        <th>Telepon</th>
        <th>Email</th>
        <th>Catatan</th>
        <th>Aksi</th>
      </tr>
    </thead>
    <tbody>
      {#each rows as row (row.id)}
        <tr data-id={row.id}>
          <td contenteditable="true" data-field="name">{row.name}</td>
          <td contenteditable="true" data-field="phone">{row.phone}</td>
          <td contenteditable="true" data-field="email">{row.email || ""}</td>
          <td contenteditable="true" data-field="notes">{row.notes || ""}</td>
          <td>
            <RowActions detailHref={`/admin/customers/${row.id}`} />
          </td>
        </tr>
      {/each}
    </tbody>
  </AdminDataTable>
</div>

/home/dev/project/roti-sholawat/src/components/admin/pages/CustomersManager.svelte:12:10
Error: Module '"/home/dev/project/roti-sholawat/src/components/admin/AdminDataTable.svelte"' has no default export. (ts)
<script lang="ts">
  import AdminDataTable from "../AdminDataTable.svelte";
  import CrudInlineForm from "../CrudInlineForm.svelte";

/home/dev/project/roti-sholawat/src/components/admin/pages/CustomersManager.svelte:87:39
Error: Argument of type '"submit"' is not assignable to parameter of type 'never'. (ts)
<SectionHeader title="Tambah Pelanggan" badge="CRM" />
<CrudInlineForm id="customer-form" on:submit={handleCreate}>
  <div>

/home/dev/project/roti-sholawat/src/components/admin/pages/FulfillmentManager.svelte:95:5
Warn: A form label must be associated with a control
https://svelte.dev/e/a11y_label_has_associated_control (svelte)
  <div>
    <label>Order No</label>
    <input name="order_no" required />

/home/dev/project/roti-sholawat/src/components/admin/pages/FulfillmentManager.svelte:99:5
Warn: A form label must be associated with a control
https://svelte.dev/e/a11y_label_has_associated_control (svelte)
  <div>
    <label>Kurir</label>
    <input name="carrier" />

/home/dev/project/roti-sholawat/src/components/admin/pages/FulfillmentManager.svelte:103:5
Warn: A form label must be associated with a control
https://svelte.dev/e/a11y_label_has_associated_control (svelte)
  <div>
    <label>Resi</label>
    <input name="tracking_no" />

/home/dev/project/roti-sholawat/src/components/admin/pages/FulfillmentManager.svelte:107:5
Warn: A form label must be associated with a control
https://svelte.dev/e/a11y_label_has_associated_control (svelte)
  <div>
    <label>Status</label>
    <select name="status">

/home/dev/project/roti-sholawat/src/components/admin/pages/FulfillmentManager.svelte:116:5
Warn: A form label must be associated with a control
https://svelte.dev/e/a11y_label_has_associated_control (svelte)
  <div>
    <label>Catatan</label>
    <input name="notes" />

/home/dev/project/roti-sholawat/src/components/admin/pages/FulfillmentManager.svelte:125:1
Warn: Visible, non-interactive elements with a click event must be accompanied by a keyboard event handler. Consider whether an interactive element such as `<button type="button">` or `<a>` might be more appropriate
https://svelte.dev/e/a11y_click_events_have_key_events (svelte)
</div>
<div onclick={handleTableClick}>
  <AdminDataTable>
    <thead>
      <tr>
        <th>Order</th>
        <th>Status</th>
        <th>Kurir</th>
        <th>Resi</th>
        <th>Catatan</th>
        <th>Aksi</th>
      </tr>
    </thead>
    <tbody>
      {#each rows as row (row.id)}
        <tr data-id={row.id}>
          <td contenteditable="true" data-field="order_no">{row.order_no}</td>
          <td contenteditable="true" data-field="status">{row.status}</td>
          <td contenteditable="true" data-field="carrier">{row.carrier || ""}</td>
          <td contenteditable="true" data-field="tracking_no">{row.tracking_no || ""}</td>
          <td contenteditable="true" data-field="notes">{row.notes || ""}</td>
          <td>
            <RowActions />
          </td>
        </tr>
      {/each}
    </tbody>
  </AdminDataTable>
</div>

/home/dev/project/roti-sholawat/src/components/admin/pages/FulfillmentManager.svelte:125:1
Warn: `<div>` with a click handler must have an ARIA role
https://svelte.dev/e/a11y_no_static_element_interactions (svelte)
</div>
<div onclick={handleTableClick}>
  <AdminDataTable>
    <thead>
      <tr>
        <th>Order</th>
        <th>Status</th>
        <th>Kurir</th>
        <th>Resi</th>
        <th>Catatan</th>
        <th>Aksi</th>
      </tr>
    </thead>
    <tbody>
      {#each rows as row (row.id)}
        <tr data-id={row.id}>
          <td contenteditable="true" data-field="order_no">{row.order_no}</td>
          <td contenteditable="true" data-field="status">{row.status}</td>
          <td contenteditable="true" data-field="carrier">{row.carrier || ""}</td>
          <td contenteditable="true" data-field="tracking_no">{row.tracking_no || ""}</td>
          <td contenteditable="true" data-field="notes">{row.notes || ""}</td>
          <td>
            <RowActions />
          </td>
        </tr>
      {/each}
    </tbody>
  </AdminDataTable>
</div>

/home/dev/project/roti-sholawat/src/components/admin/pages/FulfillmentManager.svelte:2:10
Error: Module '"/home/dev/project/roti-sholawat/src/components/admin/AdminDataTable.svelte"' has no default export. (ts)
<script lang="ts">
  import AdminDataTable from "../AdminDataTable.svelte";
  import CrudInlineForm from "../CrudInlineForm.svelte";

/home/dev/project/roti-sholawat/src/components/admin/pages/FulfillmentManager.svelte:93:39
Error: Argument of type '"submit"' is not assignable to parameter of type 'never'. (ts)
<SectionHeader title="Buat Pengiriman" badge="Tracking" />
<CrudInlineForm id="shipment-form" on:submit={handleCreate}>
  <div>

/home/dev/project/roti-sholawat/src/components/admin/pages/InventoryManager.svelte:49:12
Error: Expected token }
https://svelte.dev/e/expected_token (svelte)
  const fieldIds = {
    product: "inventory-product",
    type: "inventory-type",

/home/dev/project/roti-sholawat/src/components/admin/pages/InventoryManager.svelte:49:12
Error: Expected token }
https://svelte.dev/e/expected_token (ts)
  const fieldIds = {
    product: "inventory-product",
    type: "inventory-type",

/home/dev/project/roti-sholawat/src/components/admin/pages/InvoiceDetailManager.svelte:78:7
Warn: A form label must be associated with a control
https://svelte.dev/e/a11y_label_has_associated_control (svelte)
    <div>
      <label>Status</label>
      <input name="status" value={invoice.status} />

/home/dev/project/roti-sholawat/src/components/admin/pages/InvoiceDetailManager.svelte:82:7
Warn: A form label must be associated with a control
https://svelte.dev/e/a11y_label_has_associated_control (svelte)
    <div>
      <label>Due At (YYYY-MM-DD)</label>
      <input name="due_at" value={invoice.due_at ?? ""} />

/home/dev/project/roti-sholawat/src/components/admin/pages/InvoicesManager.svelte:52:5
Warn: A form label must be associated with a control
https://svelte.dev/e/a11y_label_has_associated_control (svelte)
  <div>
    <label>Order No</label>
    <input name="order_no" bind:value={orderNo} required />

/home/dev/project/roti-sholawat/src/components/admin/pages/InvoicesManager.svelte:14:10
Error: Module '"/home/dev/project/roti-sholawat/src/components/admin/AdminDataTable.svelte"' has no default export. (ts)
  import SectionHeader from "../SectionHeader.svelte";
  import AdminDataTable from "../AdminDataTable.svelte";
  import StatusBadge from "../StatusBadge.svelte";

/home/dev/project/roti-sholawat/src/components/admin/pages/InvoicesManager.svelte:50:38
Error: Argument of type '"submit"' is not assignable to parameter of type 'never'. (ts)
<SectionHeader title="Buat Invoice" badge="Manual" />
<CrudInlineForm id="invoice-form" on:submit={handleSubmit}>
  <div>

/home/dev/project/roti-sholawat/src/components/admin/pages/NotificationsManager.svelte:105:5
Warn: A form label must be associated with a control
https://svelte.dev/e/a11y_label_has_associated_control (svelte)
  <div>
    <label>Channel</label>
    <select name="channel">

/home/dev/project/roti-sholawat/src/components/admin/pages/NotificationsManager.svelte:112:5
Warn: A form label must be associated with a control
https://svelte.dev/e/a11y_label_has_associated_control (svelte)
  <div>
    <label>Penerima</label>
    <input name="recipient" required />

/home/dev/project/roti-sholawat/src/components/admin/pages/NotificationsManager.svelte:116:5
Warn: A form label must be associated with a control
https://svelte.dev/e/a11y_label_has_associated_control (svelte)
  <div>
    <label>Template</label>
    <input name="template" placeholder="opsional" />

/home/dev/project/roti-sholawat/src/components/admin/pages/NotificationsManager.svelte:120:5
Warn: A form label must be associated with a control
https://svelte.dev/e/a11y_label_has_associated_control (svelte)
  <div>
    <label>Payload (JSON)</label>
    <textarea

/home/dev/project/roti-sholawat/src/components/admin/pages/NotificationsManager.svelte:133:1
Warn: Visible, non-interactive elements with a click event must be accompanied by a keyboard event handler. Consider whether an interactive element such as `<button type="button">` or `<a>` might be more appropriate
https://svelte.dev/e/a11y_click_events_have_key_events (svelte)
</div>
<div on:click={handleRowAction}>
  <AdminDataTable>
    <thead>
      <tr>
        <th>Channel</th>
        <th>Penerima</th>
        <th>Status</th>
        <th>Created</th>
        <th>Sent</th>
        <th>Aksi</th>
      </tr>
    </thead>
    <tbody>
      {#each rows as row (row.id)}
        <tr data-id={row.id}>
          <td contenteditable="true" data-field="channel">{row.channel}</td>
          <td contenteditable="true" data-field="recipient">{row.recipient}</td>
          <td contenteditable="true" data-field="status">{row.status}</td>
          <td>{String(row.created_at).split("T")[0]}</td>
          <td>{row.sent_at ? String(row.sent_at).split("T")[0] : "-"}</td>
          <td>
            <RowActions showSend={true} />
          </td>
        </tr>
      {/each}
    </tbody>
  </AdminDataTable>
</div>

/home/dev/project/roti-sholawat/src/components/admin/pages/NotificationsManager.svelte:133:1
Warn: `<div>` with a click handler must have an ARIA role
https://svelte.dev/e/a11y_no_static_element_interactions (svelte)
</div>
<div on:click={handleRowAction}>
  <AdminDataTable>
    <thead>
      <tr>
        <th>Channel</th>
        <th>Penerima</th>
        <th>Status</th>
        <th>Created</th>
        <th>Sent</th>
        <th>Aksi</th>
      </tr>
    </thead>
    <tbody>
      {#each rows as row (row.id)}
        <tr data-id={row.id}>
          <td contenteditable="true" data-field="channel">{row.channel}</td>
          <td contenteditable="true" data-field="recipient">{row.recipient}</td>
          <td contenteditable="true" data-field="status">{row.status}</td>
          <td>{String(row.created_at).split("T")[0]}</td>
          <td>{row.sent_at ? String(row.sent_at).split("T")[0] : "-"}</td>
          <td>
            <RowActions showSend={true} />
          </td>
        </tr>
      {/each}
    </tbody>
  </AdminDataTable>
</div>

/home/dev/project/roti-sholawat/src/components/admin/pages/NotificationsManager.svelte:2:10
Error: Module '"/home/dev/project/roti-sholawat/src/components/admin/AdminDataTable.svelte"' has no default export. (ts)
<script lang="ts">
  import AdminDataTable from "../AdminDataTable.svelte";
  import CrudInlineForm from "../CrudInlineForm.svelte";

/home/dev/project/roti-sholawat/src/components/admin/pages/NotificationsManager.svelte:103:36
Error: Argument of type '"submit"' is not assignable to parameter of type 'never'. (ts)
<SectionHeader title="Buat Notifikasi" badge="Manual Send" />
<CrudInlineForm id="notif-form" on:submit={handleCreate}>
  <div>

/home/dev/project/roti-sholawat/src/components/admin/pages/OrderDetailManager.svelte:92:5
Warn: A form label must be associated with a control
https://svelte.dev/e/a11y_label_has_associated_control (svelte)
  <div>
    <label>Status</label>
    <input name="status" value={order.status} />

/home/dev/project/roti-sholawat/src/components/admin/pages/OrderDetailManager.svelte:96:5
Warn: A form label must be associated with a control
https://svelte.dev/e/a11y_label_has_associated_control (svelte)
  <div>
    <label>Payment Status</label>
    <input name="payment_status" value={order.payment_status} />

/home/dev/project/roti-sholawat/src/components/admin/pages/OrderDetailManager.svelte:100:5
Warn: A form label must be associated with a control
https://svelte.dev/e/a11y_label_has_associated_control (svelte)
  <div>
    <label>Catatan</label>
    <input name="notes" />

/home/dev/project/roti-sholawat/src/components/admin/pages/ProductsManager.svelte:160:7
Warn: A form label must be associated with a control
https://svelte.dev/e/a11y_label_has_associated_control (svelte)
    <div>
      <label>Nama Produk</label>
      <input name="name" required />

/home/dev/project/roti-sholawat/src/components/admin/pages/ProductsManager.svelte:164:7
Warn: A form label must be associated with a control
https://svelte.dev/e/a11y_label_has_associated_control (svelte)
    <div>
      <label>SKU (Opsional)</label>
      <input name="sku" />

/home/dev/project/roti-sholawat/src/components/admin/pages/ProductsManager.svelte:168:7
Warn: A form label must be associated with a control
https://svelte.dev/e/a11y_label_has_associated_control (svelte)
    <div>
      <label>Kategori</label>
      <select name="category_id">

/home/dev/project/roti-sholawat/src/components/admin/pages/ProductsManager.svelte:177:7
Warn: A form label must be associated with a control
https://svelte.dev/e/a11y_label_has_associated_control (svelte)
    <div>
      <label>Status</label>
      <select name="is_active">

/home/dev/project/roti-sholawat/src/components/admin/pages/ProductsManager.svelte:184:7
Warn: A form label must be associated with a control
https://svelte.dev/e/a11y_label_has_associated_control (svelte)
    <div>
      <label>Harga (Rp)</label>
      <input name="price" type="number" value="0" required />

/home/dev/project/roti-sholawat/src/components/admin/pages/ProductsManager.svelte:188:7
Warn: A form label must be associated with a control
https://svelte.dev/e/a11y_label_has_associated_control (svelte)
    <div>
      <label>Stok</label>
      <input name="stock" type="number" placeholder="Bisa dikosongkan" />

/home/dev/project/roti-sholawat/src/components/admin/pages/ProductsManager.svelte:193:5
Warn: A form label must be associated with a control
https://svelte.dev/e/a11y_label_has_associated_control (svelte)
  <div class="mt-3">
    <label>Deskripsi</label>
    <textarea name="description" rows="3"></textarea>

/home/dev/project/roti-sholawat/src/components/admin/pages/ProductsManager.svelte:197:5
Warn: A form label must be associated with a control
https://svelte.dev/e/a11y_label_has_associated_control (svelte)
  <div class="field mt-3">
    <label>Gambar Produk</label>
    <div class="upload-zone" id="upload-zone">

/home/dev/project/roti-sholawat/src/components/admin/pages/ProductsManager.svelte:221:1
Warn: Visible, non-interactive elements with a click event must be accompanied by a keyboard event handler. Consider whether an interactive element such as `<button type="button">` or `<a>` might be more appropriate
https://svelte.dev/e/a11y_click_events_have_key_events (svelte)
</div>
<div class="mt-2" onclick={handleRowClick}>
  <AdminDataTable>
    <thead>
      <tr>
        <th>Foto</th>
        <th>Nama</th>
        <th>Kategori</th>
        <th>Harga</th>
        <th>Stok</th>
        <th>Status</th>
        <th>Aksi</th>
      </tr>
    </thead>
    <tbody>
      {#each rows as row (row.id)}
        <tr data-id={row.id}>
          <td>
            <div
              class="edit-gallery thumbnail-gallery"
              data-field="images_json"
              data-value={row.images_json || "[]"}
            ></div>
          </td>
          <td>
            <div contenteditable="true" data-field="name">{row.name}</div>
            <div class="muted text-[0.8em]">
              SKU:
              <span contenteditable="true" data-field="sku">{row.sku || "-"}</span>
            </div>
          </td>
          <td>
            <select data-field="category_id">
              <option value="">Tanpa Kategori</option>
              {#each categories as cat}
                <option value={cat.id} selected={cat.id === row.category_id}>
                  {cat.name}
                </option>
              {/each}
            </select>
          </td>
          <td contenteditable="true" data-field="price">{row.price}</td>
          <td contenteditable="true" data-field="stock">{row.stock}</td>
          <td>
            <select data-field="is_active">
              <option value="true" selected={row.is_active}>Aktif</option>
              <option value="false" selected={!row.is_active}>Draf</option>
            </select>
          </td>
          <td>
            <RowActions />
          </td>
        </tr>
      {/each}
    </tbody>
  </AdminDataTable>
</div>

/home/dev/project/roti-sholawat/src/components/admin/pages/ProductsManager.svelte:221:1
Warn: `<div>` with a click handler must have an ARIA role
https://svelte.dev/e/a11y_no_static_element_interactions (svelte)
</div>
<div class="mt-2" onclick={handleRowClick}>
  <AdminDataTable>
    <thead>
      <tr>
        <th>Foto</th>
        <th>Nama</th>
        <th>Kategori</th>
        <th>Harga</th>
        <th>Stok</th>
        <th>Status</th>
        <th>Aksi</th>
      </tr>
    </thead>
    <tbody>
      {#each rows as row (row.id)}
        <tr data-id={row.id}>
          <td>
            <div
              class="edit-gallery thumbnail-gallery"
              data-field="images_json"
              data-value={row.images_json || "[]"}
            ></div>
          </td>
          <td>
            <div contenteditable="true" data-field="name">{row.name}</div>
            <div class="muted text-[0.8em]">
              SKU:
              <span contenteditable="true" data-field="sku">{row.sku || "-"}</span>
            </div>
          </td>
          <td>
            <select data-field="category_id">
              <option value="">Tanpa Kategori</option>
              {#each categories as cat}
                <option value={cat.id} selected={cat.id === row.category_id}>
                  {cat.name}
                </option>
              {/each}
            </select>
          </td>
          <td contenteditable="true" data-field="price">{row.price}</td>
          <td contenteditable="true" data-field="stock">{row.stock}</td>
          <td>
            <select data-field="is_active">
              <option value="true" selected={row.is_active}>Aktif</option>
              <option value="false" selected={!row.is_active}>Draf</option>
            </select>
          </td>
          <td>
            <RowActions />
          </td>
        </tr>
      {/each}
    </tbody>
  </AdminDataTable>
</div>

/home/dev/project/roti-sholawat/src/components/admin/pages/ProductsManager.svelte:21:10
Error: Module '"/home/dev/project/roti-sholawat/src/components/admin/AdminDataTable.svelte"' has no default export. (ts)
<script lang="ts">
  import AdminDataTable from "../AdminDataTable.svelte";
  import CrudInlineForm from "../CrudInlineForm.svelte";

/home/dev/project/roti-sholawat/src/components/admin/pages/ProductsManager.svelte:157:38
Error: Argument of type '"submit"' is not assignable to parameter of type 'never'. (ts)
<SectionHeader title="Tambah Produk" badge="E-commerce Ready" />
<CrudInlineForm id="product-form" on:submit={productFormHandler}>
  <div class="grid grid-2">

/home/dev/project/roti-sholawat/src/components/admin/pages/RefundsManager.svelte:96:5
Warn: A form label must be associated with a control
https://svelte.dev/e/a11y_label_has_associated_control (svelte)
  <div>
    <label>Order No</label>
    <input name="order_no" required />

/home/dev/project/roti-sholawat/src/components/admin/pages/RefundsManager.svelte:100:5
Warn: A form label must be associated with a control
https://svelte.dev/e/a11y_label_has_associated_control (svelte)
  <div>
    <label>Jumlah (Rp)</label>
    <input name="amount" type="number" required />

/home/dev/project/roti-sholawat/src/components/admin/pages/RefundsManager.svelte:104:5
Warn: A form label must be associated with a control
https://svelte.dev/e/a11y_label_has_associated_control (svelte)
  <div>
    <label>Status</label>
    <select name="status">

/home/dev/project/roti-sholawat/src/components/admin/pages/RefundsManager.svelte:112:5
Warn: A form label must be associated with a control
https://svelte.dev/e/a11y_label_has_associated_control (svelte)
  <div>
    <label>Alasan</label>
    <input name="reason" />

/home/dev/project/roti-sholawat/src/components/admin/pages/RefundsManager.svelte:122:1
Warn: Visible, non-interactive elements with a click event must be accompanied by a keyboard event handler. Consider whether an interactive element such as `<button type="button">` or `<a>` might be more appropriate
https://svelte.dev/e/a11y_click_events_have_key_events (svelte)

<div onclick={handleRowAction}>
  <AdminDataTable>
    <thead>
      <tr>
        <th>Order</th>
        <th>Jumlah</th>
        <th>Status</th>
        <th>Gateway</th>
        <th>Alasan</th>
        <th>Aksi</th>
      </tr>
    </thead>
    <tbody>
      {#each rows as row (row.id)}
        <tr data-id={row.id}>
          <td contenteditable="true" data-field="order_no">{row.order_no}</td>
          <td contenteditable="true" data-field="amount">{row.amount}</td>
          <td contenteditable="true" data-field="status">{row.status}</td>
          <td>{row.provider_status || "-"}</td>
          <td contenteditable="true" data-field="reason">{row.reason || ""}</td>
          <td>
            <RowActions />
          </td>
        </tr>
      {/each}
    </tbody>
  </AdminDataTable>
</div>

/home/dev/project/roti-sholawat/src/components/admin/pages/RefundsManager.svelte:122:1
Warn: `<div>` with a click handler must have an ARIA role
https://svelte.dev/e/a11y_no_static_element_interactions (svelte)

<div onclick={handleRowAction}>
  <AdminDataTable>
    <thead>
      <tr>
        <th>Order</th>
        <th>Jumlah</th>
        <th>Status</th>
        <th>Gateway</th>
        <th>Alasan</th>
        <th>Aksi</th>
      </tr>
    </thead>
    <tbody>
      {#each rows as row (row.id)}
        <tr data-id={row.id}>
          <td contenteditable="true" data-field="order_no">{row.order_no}</td>
          <td contenteditable="true" data-field="amount">{row.amount}</td>
          <td contenteditable="true" data-field="status">{row.status}</td>
          <td>{row.provider_status || "-"}</td>
          <td contenteditable="true" data-field="reason">{row.reason || ""}</td>
          <td>
            <RowActions />
          </td>
        </tr>
      {/each}
    </tbody>
  </AdminDataTable>
</div>

/home/dev/project/roti-sholawat/src/components/admin/pages/RefundsManager.svelte:2:10
Error: Module '"/home/dev/project/roti-sholawat/src/components/admin/AdminDataTable.svelte"' has no default export. (ts)
<script lang="ts">
  import AdminDataTable from "../AdminDataTable.svelte";
  import CrudInlineForm from "../CrudInlineForm.svelte";

/home/dev/project/roti-sholawat/src/components/admin/pages/RefundsManager.svelte:94:37
Error: Argument of type '"submit"' is not assignable to parameter of type 'never'. (ts)
<SectionHeader title="Buat Refund" />
<CrudInlineForm id="refund-form" on:submit={handleCreate}>
  <div>

/home/dev/project/roti-sholawat/src/components/admin/pages/SettingsManager.svelte:107:9
Warn: A form label must be associated with a control
https://svelte.dev/e/a11y_label_has_associated_control (svelte)
        <h3 class="mb-3 text-lg font-semibold">Model Order</h3>
        <label class="mt-3">Preorder Only</label>
        <select bind:value={premiereOnly} class="mt-1">

/home/dev/project/roti-sholawat/src/components/admin/pages/SettingsManager.svelte:112:9
Warn: A form label must be associated with a control
https://svelte.dev/e/a11y_label_has_associated_control (svelte)
        </select>
        <label class="mt-3">Minimum Lead Time (jam)</label>
        <input type="number" bind:value={leadTimeHours} class="mt-1" />

/home/dev/project/roti-sholawat/src/components/admin/pages/SettingsManager.svelte:114:9
Warn: A form label must be associated with a control
https://svelte.dev/e/a11y_label_has_associated_control (svelte)
        <input type="number" bind:value={leadTimeHours} class="mt-1" />
        <label class="mt-3">Cutoff Time (HH:mm)</label>
        <input type="text" bind:value={cutoffTime} class="mt-1" />

/home/dev/project/roti-sholawat/src/components/admin/pages/SettingsManager.svelte:116:9
Warn: A form label must be associated with a control
https://svelte.dev/e/a11y_label_has_associated_control (svelte)
        <input type="text" bind:value={cutoffTime} class="mt-1" />
        <label class="mt-3">Same Day Enabled</label>
        <select bind:value={sameDayEnabled} class="mt-1">

/home/dev/project/roti-sholawat/src/components/admin/pages/SettingsManager.svelte:121:9
Warn: A form label must be associated with a control
https://svelte.dev/e/a11y_label_has_associated_control (svelte)
        </select>
        <label class="mt-3">Available Days (pisahkan koma)</label>
        <input type="text" bind:value={availableDays} class="mt-1" />

/home/dev/project/roti-sholawat/src/components/admin/pages/SettingsManager.svelte:126:9
Warn: A form label must be associated with a control
https://svelte.dev/e/a11y_label_has_associated_control (svelte)
        <h3 class="mb-3 text-lg font-semibold">Pengiriman</h3>
        <label class="mt-3">Provinsi Default</label>
        <input type="text" bind:value={deliveryProvince} class="mt-1" />

/home/dev/project/roti-sholawat/src/components/admin/pages/SettingsManager.svelte:128:9
Warn: A form label must be associated with a control
https://svelte.dev/e/a11y_label_has_associated_control (svelte)
        <input type="text" bind:value={deliveryProvince} class="mt-1" />
        <label class="mt-3">Free Delivery Threshold (Rp)</label>
        <input type="number" bind:value={freeDeliveryThreshold} class="mt-1" />

/home/dev/project/roti-sholawat/src/components/admin/pages/SettingsManager.svelte:103:41
Error: Argument of type '"submit"' is not assignable to parameter of type 'never'. (ts)

  <CrudInlineForm id="settings-form" on:submit={handleSubmit}>
    <div class="grid gap-4 md:grid-cols-2">

/home/dev/project/roti-sholawat/src/components/admin/pages/ShippingManager.svelte:153:5
Warn: A form label must be associated with a control
https://svelte.dev/e/a11y_label_has_associated_control (svelte)
  <div>
    <label>Nama Rule</label>
    <input name="name" required />

/home/dev/project/roti-sholawat/src/components/admin/pages/ShippingManager.svelte:157:5
Warn: A form label must be associated with a control
https://svelte.dev/e/a11y_label_has_associated_control (svelte)
  <div>
    <label>Tipe</label>
    <select name="type">

/home/dev/project/roti-sholawat/src/components/admin/pages/ShippingManager.svelte:165:5
Warn: A form label must be associated with a control
https://svelte.dev/e/a11y_label_has_associated_control (svelte)
  <div>
    <label>Prioritas</label>
    <input name="priority" type="number" value="100" />

/home/dev/project/roti-sholawat/src/components/admin/pages/ShippingManager.svelte:169:5
Warn: A form label must be associated with a control
https://svelte.dev/e/a11y_label_has_associated_control (svelte)
  <div id="flat-config">
    <label>Flat Fee (Rp)</label>
    <input name="flat_fee" type="number" value="10000" />

/home/dev/project/roti-sholawat/src/components/admin/pages/ShippingManager.svelte:173:5
Warn: A form label must be associated with a control
https://svelte.dev/e/a11y_label_has_associated_control (svelte)
  <div id="threshold-config" class="hidden">
    <label>Threshold (Rp)</label>
    <input name="threshold_amount" type="number" value="150000" />

/home/dev/project/roti-sholawat/src/components/admin/pages/ShippingManager.svelte:175:5
Warn: A form label must be associated with a control
https://svelte.dev/e/a11y_label_has_associated_control (svelte)
    <input name="threshold_amount" type="number" value="150000" />
    <label>Fee jika di bawah threshold (Rp)</label>
    <input name="threshold_fee" type="number" value="10000" />

/home/dev/project/roti-sholawat/src/components/admin/pages/ShippingManager.svelte:179:5
Warn: A form label must be associated with a control
https://svelte.dev/e/a11y_label_has_associated_control (svelte)
  <div id="zone-config" class="hidden">
    <label>Zone List</label>
    <textarea

/home/dev/project/roti-sholawat/src/components/admin/pages/ShippingManager.svelte:188:5
Warn: A form label must be associated with a control
https://svelte.dev/e/a11y_label_has_associated_control (svelte)
  <div>
    <label>Config (preview)</label>
    <textarea name="config_preview" rows="4" readonly></textarea>

/home/dev/project/roti-sholawat/src/components/admin/pages/ShippingManager.svelte:201:5
Warn: A form label must be associated with a control
https://svelte.dev/e/a11y_label_has_associated_control (svelte)
  <div>
    <label>Subtotal (Rp)</label>
    <input name="subtotal" type="number" value="150000" />

/home/dev/project/roti-sholawat/src/components/admin/pages/ShippingManager.svelte:205:5
Warn: A form label must be associated with a control
https://svelte.dev/e/a11y_label_has_associated_control (svelte)
  <div>
    <label>Provinsi</label>
    <input name="province" value="DI Yogyakarta" />

/home/dev/project/roti-sholawat/src/components/admin/pages/ShippingManager.svelte:209:5
Warn: A form label must be associated with a control
https://svelte.dev/e/a11y_label_has_associated_control (svelte)
  <div>
    <label>Kota</label>
    <input name="city" value="Bantul" />

/home/dev/project/roti-sholawat/src/components/admin/pages/ShippingManager.svelte:213:5
Warn: A form label must be associated with a control
https://svelte.dev/e/a11y_label_has_associated_control (svelte)
  <div>
    <label>Kecamatan</label>
    <input name="district" value="Sewon" />

/home/dev/project/roti-sholawat/src/components/admin/pages/ShippingManager.svelte:217:5
Warn: A form label must be associated with a control
https://svelte.dev/e/a11y_label_has_associated_control (svelte)
  <div>
    <label>Free Shipping</label>
    <select name="free_shipping">

/home/dev/project/roti-sholawat/src/components/admin/pages/ShippingManager.svelte:13:10
Error: Module '"/home/dev/project/roti-sholawat/src/components/admin/AdminDataTable.svelte"' has no default export. (ts)
<script lang="ts">
  import AdminDataTable from "../AdminDataTable.svelte";
  import CrudInlineForm from "../CrudInlineForm.svelte";

/home/dev/project/roti-sholawat/src/components/admin/pages/ShippingManager.svelte:151:44
Error: Argument of type '"submit"' is not assignable to parameter of type 'never'. (ts)
<SectionHeader title="Tambah Rule" badge="Ongkir dinamis" />
<CrudInlineForm id="shipping-rule-form" on:submit={handleCreate}>
  <div>

/home/dev/project/roti-sholawat/src/components/admin/pages/ShippingManager.svelte:199:33
Error: Argument of type '"submit"' is not assignable to parameter of type 'never'. (ts)
<SectionHeader title="Simulasi Ongkir" badge="Test Rule" />
<CrudInlineForm class="mt-2" on:submit={handleSimulation}>
  <div>

/home/dev/project/roti-sholawat/src/components/order/OrderApp.svelte:228:11
Warn: Buttons and links should either contain text or have an `aria-label`, `aria-labelledby` or `title` attribute
https://svelte.dev/e/a11y_consider_explicit_label (svelte)
          />
          <button
            id="clear-search-btn"
            class="p-2 text-text-muted/50 hover:text-red-400 hidden mr-1"
            class:hidden={!showClear}
            type="button"
            on:click={clearQuery}
          >
            <svg xmlns="http://www.w3.org/2000/svg" width="18" height="18" viewBox="0 0 24 24" fill="none" stroke="currentColor" stroke-width="2.5" stroke-linecap="round" stroke-linejoin="round"><path d="M18 6 6 18"/><path d="m6 6 12 12"/></svg>
          </button>
        </div>

/home/dev/project/roti-sholawat/src/components/order/OrderApp.svelte:299:7
Warn: Visible, non-interactive elements with a click event must be accompanied by a keyboard event handler. Consider whether an interactive element such as `<button type="button">` or `<a>` might be more appropriate
https://svelte.dev/e/a11y_click_events_have_key_events (svelte)
    >
      <div
        id="cart-puller"
        class="h-6 w-full flex items-center justify-center lg:hidden cursor-grab active:cursor-grabbing absolute top-0 inset-x-0 bg-transparent z-40 touch-none"
        on:click={closeCart}
      >
        <div class="w-12 h-1.5 bg-border rounded-full pointer-events-none"></div>
      </div>

/home/dev/project/roti-sholawat/src/components/order/OrderApp.svelte:299:7
Warn: `<div>` with a click handler must have an ARIA role
https://svelte.dev/e/a11y_no_static_element_interactions (svelte)
    >
      <div
        id="cart-puller"
        class="h-6 w-full flex items-center justify-center lg:hidden cursor-grab active:cursor-grabbing absolute top-0 inset-x-0 bg-transparent z-40 touch-none"
        on:click={closeCart}
      >
        <div class="w-12 h-1.5 bg-border rounded-full pointer-events-none"></div>
      </div>

/home/dev/project/roti-sholawat/src/components/order/OrderApp.svelte:307:7
Warn: Visible, non-interactive elements with a click event must be accompanied by a keyboard event handler. Consider whether an interactive element such as `<button type="button">` or `<a>` might be more appropriate
https://svelte.dev/e/a11y_click_events_have_key_events (svelte)

      <div
        id="floating-cart-summary"
        class="h-[76px] px-6 flex items-center justify-between lg:hidden pt-2 shrink-0 cursor-pointer"
        on:click={toggleCart}
      >
        <div class="flex items-center gap-4">
          <div class="relative w-12 h-12 bg-primary/10 rounded-[14px] flex items-center justify-center text-primary">
            <svg xmlns="http://www.w3.org/2000/svg" width="22" height="22" viewBox="0 0 24 24" fill="none" stroke="currentColor" stroke-width="2.5" stroke-linecap="round" stroke-linejoin="round"><path d="M6 2 3 6v14a2 2 0 0 0 2 2h14a2 2 0 0 0 2-2V6l-3-4Z"/><path d="M3 6h18"/><path d="M16 10a4 4 0 0 1-8 0"/></svg>
            <span
              id="floating-badge"
              class={`absolute -top-1.5 -right-1.5 w-[22px] h-[22px] bg-secondary text-primary-dark text-[11px] font-bold rounded-full flex items-center justify-center border-2 border-white transition-all ${totalQty > 0 ? "opacity-100 scale-100" : "opacity-0 scale-50"}`}
            >
              {totalQty}
            </span>
          </div>
          <div>
            <p class="text-[0.7rem] text-text-muted font-bold uppercase tracking-wider mb-0.5">Total Belanja</p>
            <strong id="floating-total" class="text-primary-dark text-lg">
              {totalQty === 0 ? "-" : formatCurrency(totalAmount)}
            </strong>
          </div>
        </div>
        <span class="w-10 h-10 rounded-full bg-primary text-white flex items-center justify-center shadow-md">
          <svg xmlns="http://www.w3.org/2000/svg" width="20" height="20" viewBox="0 0 24 24" fill="none" stroke="currentColor" stroke-width="2.5" stroke-linecap="round" stroke-linejoin="round"><path d="m9 18 6-6-6-6"/></svg>
        </span>
      </div>

/home/dev/project/roti-sholawat/src/components/order/OrderApp.svelte:307:7
Warn: `<div>` with a click handler must have an ARIA role
https://svelte.dev/e/a11y_no_static_element_interactions (svelte)

      <div
        id="floating-cart-summary"
        class="h-[76px] px-6 flex items-center justify-between lg:hidden pt-2 shrink-0 cursor-pointer"
        on:click={toggleCart}
      >
        <div class="flex items-center gap-4">
          <div class="relative w-12 h-12 bg-primary/10 rounded-[14px] flex items-center justify-center text-primary">
            <svg xmlns="http://www.w3.org/2000/svg" width="22" height="22" viewBox="0 0 24 24" fill="none" stroke="currentColor" stroke-width="2.5" stroke-linecap="round" stroke-linejoin="round"><path d="M6 2 3 6v14a2 2 0 0 0 2 2h14a2 2 0 0 0 2-2V6l-3-4Z"/><path d="M3 6h18"/><path d="M16 10a4 4 0 0 1-8 0"/></svg>
            <span
              id="floating-badge"
              class={`absolute -top-1.5 -right-1.5 w-[22px] h-[22px] bg-secondary text-primary-dark text-[11px] font-bold rounded-full flex items-center justify-center border-2 border-white transition-all ${totalQty > 0 ? "opacity-100 scale-100" : "opacity-0 scale-50"}`}
            >
              {totalQty}
            </span>
          </div>
          <div>
            <p class="text-[0.7rem] text-text-muted font-bold uppercase tracking-wider mb-0.5">Total Belanja</p>
            <strong id="floating-total" class="text-primary-dark text-lg">
              {totalQty === 0 ? "-" : formatCurrency(totalAmount)}
            </strong>
          </div>
        </div>
        <span class="w-10 h-10 rounded-full bg-primary text-white flex items-center justify-center shadow-md">
          <svg xmlns="http://www.w3.org/2000/svg" width="20" height="20" viewBox="0 0 24 24" fill="none" stroke="currentColor" stroke-width="2.5" stroke-linecap="round" stroke-linejoin="round"><path d="m9 18 6-6-6-6"/></svg>
        </span>
      </div>

/home/dev/project/roti-sholawat/src/components/order/OrderApp.svelte:438:19
Warn: A form label must be associated with a control
https://svelte.dev/e/a11y_label_has_associated_control (svelte)
                <div>
                  <label class="block text-[11px] font-bold text-text-muted uppercase mb-1.5 px-1">🗓 Tanggal <span class="text-red-400">*</span></label>
                  <input

/home/dev/project/roti-sholawat/src/components/order/OrderApp.svelte:448:19
Warn: A form label must be associated with a control
https://svelte.dev/e/a11y_label_has_associated_control (svelte)
                <div>
                  <label class="block text-[11px] font-bold text-text-muted uppercase mb-1.5 px-1">⏱ Waktu <span class="text-red-400">*</span></label>
                  <input

====================================
svelte-check found 34 errors and 106 warnings in 21 files
 ELIFECYCLE  Command failed with exit code 1.
